android/app/build-codex-release/outputs/logs/manifest-merger-release-report.txt
-- Merging decision tree log ---
provider#androidx.core.content.FileProvider
INJECTED from src\main\AndroidManifest.xml:41:9-49:20
	android:grantUriPermissions
		ADDED from src\main\AndroidManifest.xml:45:13-47
	android:authorities
		INJECTED from src\main\AndroidManifest.xml
		ADDED from src\main\AndroidManifest.xml:43:13-64
	android:exported
		ADDED from src\main\AndroidManifest.xml:44:13-37
	android:name
		ADDED from src\main\AndroidManifest.xml:42:13-62
manifest
ADDED from src\main\AndroidManifest.xml:2:1-61:12
INJECTED from src\main\AndroidManifest.xml:2:1-61:12
INJECTED from src\main\AndroidManifest.xml:2:1-61:12
INJECTED from src\main\AndroidManifest.xml:2:1-61:12
MERGED from [:capacitor-filesystem] AndroidManifest.xml:2:1-7:12
MERGED from [:capacitor-local-notifications] AndroidManifest.xml:2:1-26:12
MERGED from [:capacitor-share] AndroidManifest.xml:2:1-7:12
MERGED from [:capacitor-android] AndroidManifest.xml:2:1-7:12
MERGED from [:capacitor-cordova-android-plugins] AndroidManifest.xml:2:1-11:12
MERGED from [org.apache.cordova:framework:14.0.1] AndroidManifest.xml:20:1-27:12
MERGED from [androidx.core:core-splashscreen:1.2.0] AndroidManifest.xml:17:1-22:12
MERGED from [androidx.appcompat:appcompat-resources:1.7.1] AndroidManifest.xml:2:1-7:12
MERGED from [androidx.appcompat:appcompat:1.7.1] AndroidManifest.xml:2:1-7:12
MERGED from [androidx.coordinatorlayout:coordinatorlayout:1.3.0] AndroidManifest.xml:2:1-7:12
MERGED from [androidx.fragment:fragment:1.8.9] AndroidManifest.xml:2:1-7:12
MERGED from [io.ionic.libs:ionfilesystem-android:1.1.0] AndroidManifest.xml:2:1-7:12
MERGED from [androidx.activity:activity-ktx:1.11.0] AndroidManifest.xml:2:1-7:12
MERGED from [androidx.activity:activity:1.11.0] AndroidManifest.xml:17:1-22:12
MERGED from [androidx.cursoradapter:cursoradapter:1.0.0] AndroidManifest.xml:17:1-22:12
MERGED from [androidx.drawerlayout:drawerlayout:1.0.0] AndroidManifest.xml:17:1-22:12
MERGED from [androidx.emoji2:emoji2-views-helper:1.3.0] AndroidManifest.xml:2:1-7:12
MERGED from [androidx.emoji2:emoji2:1.3.0] AndroidManifest.xml:17:1-35:12
MERGED from [androidx.viewpager:viewpager:1.0.0] AndroidManifest.xml:17:1-22:12
MERGED from [androidx.customview:customview:1.0.0] AndroidManifest.xml:17:1-22:12
MERGED from [androidx.webkit:webkit:1.14.0] AndroidManifest.xml:2:1-7:12
MERGED from [androidx.vectordrawable:vectordrawable-animated:1.1.0] AndroidManifest.xml:17:1-24:12
MERGED from [androidx.vectordrawable:vectordrawable:1.1.0] AndroidManifest.xml:17:1-24:12
MERGED from [androidx.core:core-ktx:1.17.0] AndroidManifest.xml:2:1-7:12
MERGED from [androidx.loader:loader:1.0.0] AndroidManifest.xml:17:1-22:12
MERGED from [androidx.core:core:1.17.0] AndroidManifest.xml:17:1-30:12
MERGED from [androidx.lifecycle:lifecycle-viewmodel-ktx:2.6.2] AndroidManifest.xml:17:1-22:12
MERGED from [androidx.lifecycle:lifecycle-runtime-ktx:2.6.2] AndroidManifest.xml:17:1-22:12
MERGED from [androidx.lifecycle:lifecycle-livedata:2.6.2] AndroidManifest.xml:17:1-22:12
MERGED from [androidx.lifecycle:lifecycle-viewmodel:2.6.2] AndroidManifest.xml:17:1-22:12
MERGED from [androidx.lifecycle:lifecycle-process:2.6.2] AndroidManifest.xml:17:1-35:12
MERGED from [androidx.lifecycle:lifecycle-livedata-core:2.6.2] AndroidManifest.xml:17:1-22:12
MERGED from [androidx.lifecycle:lifecycle-runtime:2.6.2] AndroidManifest.xml:2:1-7:12
MERGED from [androidx.lifecycle:lifecycle-viewmodel-savedstate:2.6.2] AndroidManifest.xml:17:1-22:12
MERGED from [androidx.savedstate:savedstate-ktx:1.2.1] AndroidManifest.xml:17:1-22:12
MERGED from [androidx.savedstate:savedstate:1.2.1] AndroidManifest.xml:17:1-22:12
MERGED from [androidx.arch.core:core-runtime:2.2.0] AndroidManifest.xml:17:1-22:12
MERGED from [androidx.profileinstaller:profileinstaller:1.4.0] AndroidManifest.xml:17:1-55:12
MERGED from [androidx.startup:startup-runtime:1.1.1] AndroidManifest.xml:17:1-33:12
MERGED from [androidx.versionedparcelable:versionedparcelable:1.1.1] AndroidManifest.xml:17:1-27:12
MERGED from [androidx.interpolator:interpolator:1.0.0] AndroidManifest.xml:17:1-22:12
MERGED from [androidx.tracing:tracing:1.2.0] AndroidManifest.xml:17:1-22:12
MERGED from [androidx.annotation:annotation-experimental:1.4.1] AndroidManifest.xml:2:1-7:12
MERGED from [androidx.core:core-viewtree:1.0.0] AndroidManifest.xml:2:1-7:12
	package
		INJECTED from src\main\AndroidManifest.xml
	android:versionName
		INJECTED from src\main\AndroidManifest.xml
	android:versionCode
		INJECTED from src\main\AndroidManifest.xml
	xmlns:android
		ADDED from src\main\AndroidManifest.xml:2:11-69
application
ADDED from src\main\AndroidManifest.xml:4:5-50:19
INJECTED from src\main\AndroidManifest.xml:4:5-50:19
MERGED from [:capacitor-local-notifications] AndroidManifest.xml:11:5-24:19
MERGED from [:capacitor-local-notifications] AndroidManifest.xml:11:5-24:19
MERGED from [:capacitor-cordova-android-plugins] AndroidManifest.xml:8:5-9:19
MERGED from [:capacitor-cordova-android-plugins] AndroidManifest.xml:8:5-9:19
MERGED from [androidx.emoji2:emoji2:1.3.0] AndroidManifest.xml:23:5-33:19
MERGED from [androidx.emoji2:emoji2:1.3.0] AndroidManifest.xml:23:5-33:19
MERGED from [androidx.core:core:1.17.0] AndroidManifest.xml:28:5-89
MERGED from [androidx.core:core:1.17.0] AndroidManifest.xml:28:5-89
MERGED from [androidx.lifecycle:lifecycle-process:2.6.2] AndroidManifest.xml:23:5-33:19
MERGED from [androidx.lifecycle:lifecycle-process:2.6.2] AndroidManifest.xml:23:5-33:19
MERGED from [androidx.profileinstaller:profileinstaller:1.4.0] AndroidManifest.xml:23:5-53:19
MERGED from [androidx.profileinstaller:profileinstaller:1.4.0] AndroidManifest.xml:23:5-53:19
MERGED from [androidx.startup:startup-runtime:1.1.1] AndroidManifest.xml:25:5-31:19
MERGED from [androidx.startup:startup-runtime:1.1.1] AndroidManifest.xml:25:5-31:19
MERGED from [androidx.versionedparcelable:versionedparcelable:1.1.1] AndroidManifest.xml:24:5-25:19
MERGED from [androidx.versionedparcelable:versionedparcelable:1.1.1] AndroidManifest.xml:24:5-25:19
	android:extractNativeLibs
		INJECTED from src\main\AndroidManifest.xml
	android:appComponentFactory
		ADDED from [androidx.core:core:1.17.0] AndroidManifest.xml:28:18-86
	android:supportsRtl
		ADDED from src\main\AndroidManifest.xml:9:9-35
	android:label
		ADDED from src\main\AndroidManifest.xml:7:9-41
	android:roundIcon
		ADDED from src\main\AndroidManifest.xml:8:9-54
	android:icon
		ADDED from src\main\AndroidManifest.xml:6:9-43
	android:allowBackup
		ADDED from src\main\AndroidManifest.xml:5:9-36
	android:theme
		ADDED from src\main\AndroidManifest.xml:10:9-40
activity#fr.hikmatips.app.MainActivity
ADDED from src\main\AndroidManifest.xml:12:9-39:20
	android:label
		ADDED from src\main\AndroidManifest.xml:15:13-56
	android:launchMode
		ADDED from src\main\AndroidManifest.xml:17:13-44
	android:exported
		ADDED from src\main\AndroidManifest.xml:18:13-36
	android:configChanges
		ADDED from src\main\AndroidManifest.xml:13:13-148
	android:theme
		ADDED from src\main\AndroidManifest.xml:16:13-62
	android:name
		ADDED from src\main\AndroidManifest.xml:14:13-41
intent-filter#action:name:android.intent.action.MAIN+category:name:android.intent.category.LAUNCHER
ADDED from src\main\AndroidManifest.xml:20:13-23:29
action#android.intent.action.MAIN
ADDED from src\main\AndroidManifest.xml:21:17-69
	android:name
		ADDED from src\main\AndroidManifest.xml:21:25-66
category#android.intent.category.LAUNCHER
ADDED from src\main\AndroidManifest.xml:22:17-77
	android:name
		ADDED from src\main\AndroidManifest.xml:22:27-74
intent-filter#action:name:android.intent.action.VIEW+category:name:android.intent.category.BROWSABLE+category:name:android.intent.category.DEFAULT+data:scheme:hikmaclips
ADDED from src\main\AndroidManifest.xml:25:13-30:29
	android:autoVerify
		ADDED from src\main\AndroidManifest.xml:25:28-53
action#android.intent.action.VIEW
ADDED from src\main\AndroidManifest.xml:26:17-69
	android:name
		ADDED from src\main\AndroidManifest.xml:26:25-66
category#android.intent.category.DEFAULT
ADDED from src\main\AndroidManifest.xml:27:17-76
	android:name
		ADDED from src\main\AndroidManifest.xml:27:27-73
category#android.intent.category.BROWSABLE
ADDED from src\main\AndroidManifest.xml:28:17-78
	android:name
		ADDED from src\main\AndroidManifest.xml:28:27-75
data
ADDED from src\main\AndroidManifest.xml:29:17-53
	android:host
		ADDED from src\main\AndroidManifest.xml:36:46-75
	android:scheme
		ADDED from src\main\AndroidManifest.xml:29:23-50
intent-filter#action:name:android.intent.action.VIEW+category:name:android.intent.category.BROWSABLE+category:name:android.intent.category.DEFAULT+data:host:hikmaclips.com+data:scheme:https
ADDED from src\main\AndroidManifest.xml:32:13-37:29
	android:autoVerify
		ADDED from src\main\AndroidManifest.xml:32:28-53
uses-permission#android.permission.INTERNET
ADDED from src\main\AndroidManifest.xml:54:5-67
	android:name
		ADDED from src\main\AndroidManifest.xml:54:22-64
uses-permission#android.permission.POST_NOTIFICATIONS
ADDED from src\main\AndroidManifest.xml:55:5-77
MERGED from [:capacitor-local-notifications] AndroidManifest.xml:9:5-77
MERGED from [:capacitor-local-notifications] AndroidManifest.xml:9:5-77
	android:name
		ADDED from src\main\AndroidManifest.xml:55:22-74
uses-permission#android.permission.RECEIVE_BOOT_COMPLETED
ADDED from src\main\AndroidManifest.xml:56:5-81
MERGED from [:capacitor-local-notifications] AndroidManifest.xml:7:5-81
MERGED from [:capacitor-local-notifications] AndroidManifest.xml:7:5-81
	android:name
		ADDED from src\main\AndroidManifest.xml:56:22-78
uses-permission#android.permission.VIBRATE
ADDED from src\main\AndroidManifest.xml:57:5-66
	android:name
		ADDED from src\main\AndroidManifest.xml:57:22-63
uses-permission#android.permission.SCHEDULE_EXACT_ALARM
ADDED from src\main\AndroidManifest.xml:58:5-106
	android:minSdkVersion
		ADDED from src\main\AndroidManifest.xml:58:77-103
	android:name
		ADDED from src\main\AndroidManifest.xml:58:22-76
uses-sdk
ADDED from src\main\AndroidManifest.xml:60:5-74
INJECTED from src\main\AndroidManifest.xml:60:5-74
INJECTED from src\main\AndroidManifest.xml:60:5-74
MERGED from [:capacitor-filesystem] AndroidManifest.xml:5:5-44
MERGED from [:capacitor-filesystem] AndroidManifest.xml:5:5-44
MERGED from [:capacitor-local-notifications] AndroidManifest.xml:5:5-44
MERGED from [:capacitor-local-notifications] AndroidManifest.xml:5:5-44
MERGED from [:capacitor-share] AndroidManifest.xml:5:5-44
MERGED from [:capacitor-share] AndroidManifest.xml:5:5-44
MERGED from [:capacitor-android] AndroidManifest.xml:5:5-44
MERGED from [:capacitor-android] AndroidManifest.xml:5:5-44
MERGED from [:capacitor-cordova-android-plugins] AndroidManifest.xml:6:5-44
MERGED from [:capacitor-cordova-android-plugins] AndroidManifest.xml:6:5-44
MERGED from [org.apache.cordova:framework:14.0.1] AndroidManifest.xml:25:5-44
MERGED from [org.apache.cordova:framework:14.0.1] AndroidManifest.xml:25:5-44
MERGED from [androidx.core:core-splashscreen:1.2.0] AndroidManifest.xml:20:5-44
MERGED from [androidx.core:core-splashscreen:1.2.0] AndroidManifest.xml:20:5-44
MERGED from [androidx.appcompat:appcompat-resources:1.7.1] AndroidManifest.xml:5:5-44
MERGED from [androidx.appcompat:appcompat-resources:1.7.1] AndroidManifest.xml:5:5-44
MERGED from [androidx.appcompat:appcompat:1.7.1] AndroidManifest.xml:5:5-44
MERGED from [androidx.appcompat:appcompat:1.7.1] AndroidManifest.xml:5:5-44
MERGED from [androidx.coordinatorlayout:coordinatorlayout:1.3.0] AndroidManifest.xml:5:5-44
MERGED from [androidx.coordinatorlayout:coordinatorlayout:1.3.0] AndroidManifest.xml:5:5-44
MERGED from [androidx.fragment:fragment:1.8.9] AndroidManifest.xml:5:5-44
MERGED from [androidx.fragment:fragment:1.8.9] AndroidManifest.xml:5:5-44
MERGED from [io.ionic.libs:ionfilesystem-android:1.1.0] AndroidManifest.xml:5:5-44
MERGED from [io.ionic.libs:ionfilesystem-android:1.1.0] AndroidManifest.xml:5:5-44
MERGED from [androidx.activity:activity-ktx:1.11.0] AndroidManifest.xml:5:5-44
MERGED from [androidx.activity:activity-ktx:1.11.0] AndroidManifest.xml:5:5-44
MERGED from [androidx.activity:activity:1.11.0] AndroidManifest.xml:20:5-44
MERGED from [androidx.activity:activity:1.11.0] AndroidManifest.xml:20:5-44
MERGED from [androidx.cursoradapter:cursoradapter:1.0.0] AndroidManifest.xml:20:5-44
MERGED from [androidx.cursoradapter:cursoradapter:1.0.0] AndroidManifest.xml:20:5-44
MERGED from [androidx.drawerlayout:drawerlayout:1.0.0] AndroidManifest.xml:20:5-44
MERGED from [androidx.drawerlayout:drawerlayout:1.0.0] AndroidManifest.xml:20:5-44
MERGED from [androidx.emoji2:emoji2-views-helper:1.3.0] AndroidManifest.xml:5:5-44
MERGED from [androidx.emoji2:emoji2-views-helper:1.3.0] AndroidManifest.xml:5:5-44
MERGED from [androidx.emoji2:emoji2:1.3.0] AndroidManifest.xml:21:5-44
MERGED from [androidx.emoji2:emoji2:1.3.0] AndroidManifest.xml:21:5-44
MERGED from [androidx.viewpager:viewpager:1.0.0] AndroidManifest.xml:20:5-44
MERGED from [androidx.viewpager:viewpager:1.0.0] AndroidManifest.xml:20:5-44
MERGED from [androidx.customview:customview:1.0.0] AndroidManifest.xml:20:5-44
MERGED from [androidx.customview:customview:1.0.0] AndroidManifest.xml:20:5-44
MERGED from [androidx.webkit:webkit:1.14.0] AndroidManifest.xml:5:5-44
MERGED from [androidx.webkit:webkit:1.14.0] AndroidManifest.xml:5:5-44
MERGED from [androidx.vectordrawable:vectordrawable-animated:1.1.0] AndroidManifest.xml:20:5-22:41
MERGED from [androidx.vectordrawable:vectordrawable-animated:1.1.0] AndroidManifest.xml:20:5-22:41
MERGED from [androidx.vectordrawable:vectordrawable:1.1.0] AndroidManifest.xml:20:5-22:41
MERGED from [androidx.vectordrawable:vectordrawable:1.1.0] AndroidManifest.xml:20:5-22:41
MERGED from [androidx.core:core-ktx:1.17.0] AndroidManifest.xml:5:5-44
MERGED from [androidx.core:core-ktx:1.17.0] AndroidManifest.xml:5:5-44
MERGED from [androidx.loader:loader:1.0.0] AndroidManifest.xml:20:5-44
MERGED from [androidx.loader:loader:1.0.0] AndroidManifest.xml:20:5-44
MERGED from [androidx.core:core:1.17.0] AndroidManifest.xml:20:5-44
MERGED from [androidx.core:core:1.17.0] AndroidManifest.xml:20:5-44
MERGED from [androidx.lifecycle:lifecycle-viewmodel-ktx:2.6.2] AndroidManifest.xml:20:5-44
MERGED from [androidx.lifecycle:lifecycle-viewmodel-ktx:2.6.2] AndroidManifest.xml:20:5-44
MERGED from [androidx.lifecycle:lifecycle-runtime-ktx:2.6.2] AndroidManifest.xml:20:5-44
MERGED from [androidx.lifecycle:lifecycle-runtime-ktx:2.6.2] AndroidManifest.xml:20:5-44
MERGED from [androidx.lifecycle:lifecycle-livedata:2.6.2] AndroidManifest.xml:20:5-44
MERGED from [androidx.lifecycle:lifecycle-livedata:2.6.2] AndroidManifest.xml:20:5-44
MERGED from [androidx.lifecycle:lifecycle-viewmodel:2.6.2] AndroidManifest.xml:20:5-44
MERGED from [androidx.lifecycle:lifecycle-viewmodel:2.6.2] AndroidManifest.xml:20:5-44
MERGED from [androidx.lifecycle:lifecycle-process:2.6.2] AndroidManifest.xml:21:5-44
MERGED from [androidx.lifecycle:lifecycle-process:2.6.2] AndroidManifest.xml:21:5-44
MERGED from [androidx.lifecycle:lifecycle-livedata-core:2.6.2] AndroidManifest.xml:20:5-44
MERGED from [androidx.lifecycle:lifecycle-livedata-core:2.6.2] AndroidManifest.xml:20:5-44
MERGED from [androidx.lifecycle:lifecycle-runtime:2.6.2] AndroidManifest.xml:5:5-44
MERGED from [androidx.lifecycle:lifecycle-runtime:2.6.2] AndroidManifest.xml:5:5-44
MERGED from [androidx.lifecycle:lifecycle-viewmodel-savedstate:2.6.2] AndroidManifest.xml:20:5-44
MERGED from [androidx.lifecycle:lifecycle-viewmodel-savedstate:2.6.2] AndroidManifest.xml:20:5-44
MERGED from [androidx.savedstate:savedstate-ktx:1.2.1] AndroidManifest.xml:20:5-44
MERGED from [androidx.savedstate:savedstate-ktx:1.2.1] AndroidManifest.xml:20:5-44
MERGED from [androidx.savedstate:savedstate:1.2.1] AndroidManifest.xml:20:5-44
MERGED from [androidx.savedstate:savedstate:1.2.1] AndroidManifest.xml:20:5-44
MERGED from [androidx.arch.core:core-runtime:2.2.0] AndroidManifest.xml:20:5-44
MERGED from [androidx.arch.core:core-runtime:2.2.0] AndroidManifest.xml:20:5-44
MERGED from [androidx.profileinstaller:profileinstaller:1.4.0] AndroidManifest.xml:21:5-44
MERGED from [androidx.profileinstaller:profileinstaller:1.4.0] AndroidManifest.xml:21:5-44
MERGED from [androidx.startup:startup-runtime:1.1.1] AndroidManifest.xml:21:5-23:41
MERGED from [androidx.startup:startup-runtime:1.1.1] AndroidManifest.xml:21:5-23:41
MERGED from [androidx.versionedparcelable:versionedparcelable:1.1.1] AndroidManifest.xml:20:5-22:41
MERGED from [androidx.versionedparcelable:versionedparcelable:1.1.1] AndroidManifest.xml:20:5-22:41
MERGED from [androidx.interpolator:interpolator:1.0.0] AndroidManifest.xml:20:5-44
MERGED from [androidx.interpolator:interpolator:1.0.0] AndroidManifest.xml:20:5-44
MERGED from [androidx.tracing:tracing:1.2.0] AndroidManifest.xml:20:5-44
MERGED from [androidx.tracing:tracing:1.2.0] AndroidManifest.xml:20:5-44
MERGED from [androidx.annotation:annotation-experimental:1.4.1] AndroidManifest.xml:5:5-44
MERGED from [androidx.annotation:annotation-experimental:1.4.1] AndroidManifest.xml:5:5-44
MERGED from [androidx.core:core-viewtree:1.0.0] AndroidManifest.xml:5:5-44
MERGED from [androidx.core:core-viewtree:1.0.0] AndroidManifest.xml:5:5-44
	android:targetSdkVersion
		ADDED from src\main\AndroidManifest.xml:60:42-71
		INJECTED from src\main\AndroidManifest.xml
	android:minSdkVersion
		ADDED from src\main\AndroidManifest.xml:60:15-41
		INJECTED from src\main\AndroidManifest.xml
meta-data#android.support.FILE_PROVIDER_PATHS
ADDED from src\main\AndroidManifest.xml:46:13-48:64
	android:resource
		ADDED from src\main\AndroidManifest.xml:48:17-51
	android:name
		ADDED from src\main\AndroidManifest.xml:47:17-67
uses-permission#android.permission.WAKE_LOCK
ADDED from [:capacitor-local-notifications] AndroidManifest.xml:8:5-68
	android:name
		ADDED from [:capacitor-local-notifications] AndroidManifest.xml:8:22-65
receiver#com.capacitorjs.plugins.localnotifications.TimedNotificationPublisher
ADDED from [:capacitor-local-notifications] AndroidManifest.xml:12:9-106
	android:name
		ADDED from [:capacitor-local-notifications] AndroidManifest.xml:12:19-103
receiver#com.capacitorjs.plugins.localnotifications.NotificationDismissReceiver
ADDED from [:capacitor-local-notifications] AndroidManifest.xml:13:9-107
	android:name
		ADDED from [:capacitor-local-notifications] AndroidManifest.xml:13:19-104
receiver#com.capacitorjs.plugins.localnotifications.LocalNotificationRestoreReceiver
ADDED from [:capacitor-local-notifications] AndroidManifest.xml:14:9-23:20
	android:exported
		ADDED from [:capacitor-local-notifications] AndroidManifest.xml:17:13-37
	android:directBootAware
		ADDED from [:capacitor-local-notifications] AndroidManifest.xml:16:13-43
	android:name
		ADDED from [:capacitor-local-notifications] AndroidManifest.xml:15:13-103
intent-filter#action:name:android.intent.action.BOOT_COMPLETED+action:name:android.intent.action.LOCKED_BOOT_COMPLETED+action:name:android.intent.action.QUICKBOOT_POWERON
ADDED from [:capacitor-local-notifications] AndroidManifest.xml:18:13-22:29
action#android.intent.action.LOCKED_BOOT_COMPLETED
ADDED from [:capacitor-local-notifications] AndroidManifest.xml:19:17-86
	android:name
		ADDED from [:capacitor-local-notifications] AndroidManifest.xml:19:25-83
action#android.intent.action.BOOT_COMPLETED
ADDED from [:capacitor-local-notifications] AndroidManifest.xml:20:17-79
	android:name
		ADDED from [:capacitor-local-notifications] AndroidManifest.xml:20:25-76
action#android.intent.action.QUICKBOOT_POWERON
ADDED from [:capacitor-local-notifications] AndroidManifest.xml:21:17-82
	android:name
		ADDED from [:capacitor-local-notifications] AndroidManifest.xml:21:25-79
provider#androidx.startup.InitializationProvider
ADDED from [androidx.emoji2:emoji2:1.3.0] AndroidManifest.xml:24:9-32:20
MERGED from [androidx.lifecycle:lifecycle-process:2.6.2] AndroidManifest.xml:24:9-32:20
MERGED from [androidx.lifecycle:lifecycle-process:2.6.2] AndroidManifest.xml:24:9-32:20
MERGED from [androidx.profileinstaller:profileinstaller:1.4.0] AndroidManifest.xml:24:9-32:20
MERGED from [androidx.profileinstaller:profileinstaller:1.4.0] AndroidManifest.xml:24:9-32:20
MERGED from [androidx.startup:startup-runtime:1.1.1] AndroidManifest.xml:26:9-30:34
MERGED from [androidx.startup:startup-runtime:1.1.1] AndroidManifest.xml:26:9-30:34
	tools:node
		ADDED from [androidx.emoji2:emoji2:1.3.0] AndroidManifest.xml:28:13-31
	android:authorities
		ADDED from [androidx.emoji2:emoji2:1.3.0] AndroidManifest.xml:26:13-68
	android:exported
		ADDED from [androidx.emoji2:emoji2:1.3.0] AndroidManifest.xml:27:13-37
	android:name
		ADDED from [androidx.emoji2:emoji2:1.3.0] AndroidManifest.xml:25:13-67
meta-data#androidx.emoji2.text.EmojiCompatInitializer
ADDED from [androidx.emoji2:emoji2:1.3.0] AndroidManifest.xml:29:13-31:52
	android:value
		ADDED from [androidx.emoji2:emoji2:1.3.0] AndroidManifest.xml:31:17-49
	android:name
		ADDED from [androidx.emoji2:emoji2:1.3.0] AndroidManifest.xml:30:17-75
permission#${applicationId}.DYNAMIC_RECEIVER_NOT_EXPORTED_PERMISSION
ADDED from [androidx.core:core:1.17.0] AndroidManifest.xml:22:5-24:47
	android:protectionLevel
		ADDED from [androidx.core:core:1.17.0] AndroidManifest.xml:24:9-44
	android:name
		ADDED from [androidx.core:core:1.17.0] AndroidManifest.xml:23:9-81
permission#fr.hikmatips.app.DYNAMIC_RECEIVER_NOT_EXPORTED_PERMISSION
ADDED from [androidx.core:core:1.17.0] AndroidManifest.xml:22:5-24:47
	android:protectionLevel
		ADDED from [androidx.core:core:1.17.0] AndroidManifest.xml:24:9-44
	android:name
		ADDED from [androidx.core:core:1.17.0] AndroidManifest.xml:23:9-81
uses-permission#${applicationId}.DYNAMIC_RECEIVER_NOT_EXPORTED_PERMISSION
ADDED from [androidx.core:core:1.17.0] AndroidManifest.xml:26:5-97
	android:name
		ADDED from [androidx.core:core:1.17.0] AndroidManifest.xml:26:22-94
uses-permission#fr.hikmatips.app.DYNAMIC_RECEIVER_NOT_EXPORTED_PERMISSION
ADDED from [androidx.core:core:1.17.0] AndroidManifest.xml:26:5-97
	android:name
		ADDED from [androidx.core:core:1.17.0] AndroidManifest.xml:26:22-94
meta-data#androidx.lifecycle.ProcessLifecycleInitializer
ADDED from [androidx.lifecycle:lifecycle-process:2.6.2] AndroidManifest.xml:29:13-31:52
	android:value
		ADDED from [androidx.lifecycle:lifecycle-process:2.6.2] AndroidManifest.xml:31:17-49
	android:name
		ADDED from [androidx.lifecycle:lifecycle-process:2.6.2] AndroidManifest.xml:30:17-78
meta-data#androidx.profileinstaller.ProfileInstallerInitializer
ADDED from [androidx.profileinstaller:profileinstaller:1.4.0] AndroidManifest.xml:29:13-31:52
	android:value
		ADDED from [androidx.profileinstaller:profileinstaller:1.4.0] AndroidManifest.xml:31:17-49
	android:name
		ADDED from [androidx.profileinstaller:profileinstaller:1.4.0] AndroidManifest.xml:30:17-85
receiver#androidx.profileinstaller.ProfileInstallReceiver
ADDED from [androidx.profileinstaller:profileinstaller:1.4.0] AndroidManifest.xml:34:9-52:20
	android:enabled
		ADDED from [androidx.profileinstaller:profileinstaller:1.4.0] AndroidManifest.xml:37:13-35
	android:exported
		ADDED from [androidx.profileinstaller:profileinstaller:1.4.0] AndroidManifest.xml:38:13-36
	android:permission
		ADDED from [androidx.profileinstaller:profileinstaller:1.4.0] AndroidManifest.xml:39:13-57
	android:directBootAware
		ADDED from [androidx.profileinstaller:profileinstaller:1.4.0] AndroidManifest.xml:36:13-44
	android:name
		ADDED from [androidx.profileinstaller:profileinstaller:1.4.0] AndroidManifest.xml:35:13-76
intent-filter#action:name:androidx.profileinstaller.action.INSTALL_PROFILE
ADDED from [androidx.profileinstaller:profileinstaller:1.4.0] AndroidManifest.xml:40:13-42:29
action#androidx.profileinstaller.action.INSTALL_PROFILE
ADDED from [androidx.profileinstaller:profileinstaller:1.4.0] AndroidManifest.xml:41:17-91
	android:name
		ADDED from [androidx.profileinstaller:profileinstaller:1.4.0] AndroidManifest.xml:41:25-88
intent-filter#action:name:androidx.profileinstaller.action.SKIP_FILE
ADDED from [androidx.profileinstaller:profileinstaller:1.4.0] AndroidManifest.xml:43:13-45:29
action#androidx.profileinstaller.action.SKIP_FILE
ADDED from [androidx.profileinstaller:profileinstaller:1.4.0] AndroidManifest.xml:44:17-85
	android:name
		ADDED from [androidx.profileinstaller:profileinstaller:1.4.0] AndroidManifest.xml:44:25-82
intent-filter#action:name:androidx.profileinstaller.action.SAVE_PROFILE
ADDED from [androidx.profileinstaller:profileinstaller:1.4.0] AndroidManifest.xml:46:13-48:29
action#androidx.profileinstaller.action.SAVE_PROFILE
ADDED from [androidx.profileinstaller:profileinstaller:1.4.0] AndroidManifest.xml:47:17-88
	android:name
		ADDED from [androidx.profileinstaller:profileinstaller:1.4.0] AndroidManifest.xml:47:25-85
intent-filter#action:name:androidx.profileinstaller.action.BENCHMARK_OPERATION
ADDED from [androidx.profileinstaller:profileinstaller:1.4.0] AndroidManifest.xml:49:13-51:29
action#androidx.profileinstaller.action.BENCHMARK_OPERATION
ADDED from [androidx.profileinstaller:profileinstaller:1.4.0] AndroidManifest.xml:50:17-95
	android:name
		ADDED from [androidx.profileinstaller:profileinstaller:1.4.0] AndroidManifest.xml:50:25-92